<?xml version="1.0" encoding="UTF-8"?>
<testng-results skipped="0" failed="0" ignored="0" total="3" passed="3">
  <reporter-output>
    <line>
      <![CDATA[<a href='./screenshots/20170723/23_224542.png' target='_blank' title='openPage_https://www.google.com'><img src='./screenshots/20170723/23_224542.png' alt='openPage_https://www.google.com' height='108' width='192'/></a>]]>
    </line>
    <line>
      <![CDATA[<a href='./screenshots/20170723/23_224542.png' target='_blank' title='waitElem_By.xpath: //input[@name='btnK']'><img src='./screenshots/20170723/23_224542.png' alt='waitElem_By.xpath: //input[@name='btnK']' height='108' width='192'/></a>]]>
    </line>
    <line>
      <![CDATA[<a href='./screenshots/20170723/23_224543.png' target='_blank' title='typeText_kreditech_in_By.xpath: //input[@name='q']'><img src='./screenshots/20170723/23_224543.png' alt='typeText_kreditech_in_By.xpath: //input[@name='q']' height='108' width='192'/></a>]]>
    </line>
    <line>
      <![CDATA[<a href='./screenshots/20170723/23_224543.png' target='_blank' title='pressKey__in_By.xpath: //input[@name='q']'><img src='./screenshots/20170723/23_224543.png' alt='pressKey__in_By.xpath: //input[@name='q']' height='108' width='192'/></a>]]>
    </line>
    <line>
      <![CDATA[<a href='./screenshots/20170723/23_224545.png' target='_blank' title='waitElem_By.cssSelector: div.g'><img src='./screenshots/20170723/23_224545.png' alt='waitElem_By.cssSelector: div.g' height='108' width='192'/></a>]]>
    </line>
    <line>
      <![CDATA[<a href='./screenshots/20170723/23_224553.png' target='_blank' title='clickElem_By.cssSelector: div.g | By.cssSelector: a[href*='www.kreditech.com']'><img src='./screenshots/20170723/23_224553.png' alt='clickElem_By.cssSelector: div.g | By.cssSelector: a[href*='www.kreditech.com']' height='108' width='192'/></a>]]>
    </line>
    <line>
      <![CDATA[<a href='./screenshots/20170723/23_224554.png' target='_blank' title='waitElem_By.cssSelector: #footer'><img src='./screenshots/20170723/23_224554.png' alt='waitElem_By.cssSelector: #footer' height='108' width='192'/></a>]]>
    </line>
    <line>
      <![CDATA[<a href='./screenshots/20170723/23_224604.png' target='_blank' title='openPage_https://www.linkedin.com/'><img src='./screenshots/20170723/23_224604.png' alt='openPage_https://www.linkedin.com/' height='108' width='192'/></a>]]>
    </line>
    <line>
      <![CDATA[<a href='./screenshots/20170723/23_224605.png' target='_blank' title='waitElem_By.cssSelector: #login-submit'><img src='./screenshots/20170723/23_224605.png' alt='waitElem_By.cssSelector: #login-submit' height='108' width='192'/></a>]]>
    </line>
    <line>
      <![CDATA[<a href='./screenshots/20170723/23_224606.png' target='_blank' title='typeText_raj.bigtheory@gmail.com_in_By.cssSelector: #login-email'><img src='./screenshots/20170723/23_224606.png' alt='typeText_raj.bigtheory@gmail.com_in_By.cssSelector: #login-email' height='108' width='192'/></a>]]>
    </line>
    <line>
      <![CDATA[<a href='./screenshots/20170723/23_224607.png' target='_blank' title='typeText_Dza94t2017_in_By.cssSelector: #login-password'><img src='./screenshots/20170723/23_224607.png' alt='typeText_Dza94t2017_in_By.cssSelector: #login-password' height='108' width='192'/></a>]]>
    </line>
    <line>
      <![CDATA[<a href='./screenshots/20170723/23_224615.png' target='_blank' title='clickElem_By.cssSelector: #login-submit'><img src='./screenshots/20170723/23_224615.png' alt='clickElem_By.cssSelector: #login-submit' height='108' width='192'/></a>]]>
    </line>
    <line>
      <![CDATA[<a href='./screenshots/20170723/23_224616.png' target='_blank' title='waitElem_By.cssSelector: #extended-nav'><img src='./screenshots/20170723/23_224616.png' alt='waitElem_By.cssSelector: #extended-nav' height='108' width='192'/></a>]]>
    </line>
    <line>
      <![CDATA[<a href='./screenshots/20170723/23_224624.png' target='_blank' title='openPage_https://www.kreditech.com/'><img src='./screenshots/20170723/23_224624.png' alt='openPage_https://www.kreditech.com/' height='108' width='192'/></a>]]>
    </line>
    <line>
      <![CDATA[<a href='./screenshots/20170723/23_224625.png' target='_blank' title='waitElem_By.cssSelector: #footer'><img src='./screenshots/20170723/23_224625.png' alt='waitElem_By.cssSelector: #footer' height='108' width='192'/></a>]]>
    </line>
    <line>
      <![CDATA[<a href='./screenshots/20170723/23_224626.png' target='_blank' title='clickElem_By.cssSelector: div.social.linkedin'><img src='./screenshots/20170723/23_224626.png' alt='clickElem_By.cssSelector: div.social.linkedin' height='108' width='192'/></a>]]>
    </line>
    <line>
      <![CDATA[<a href='./screenshots/20170723/23_224627.png' target='_blank' title='switchFocus_CDwindow-e14267e1-a85d-4003-9239-4fd2327c579e'><img src='./screenshots/20170723/23_224627.png' alt='switchFocus_CDwindow-e14267e1-a85d-4003-9239-4fd2327c579e' height='108' width='192'/></a>]]>
    </line>
    <line>
      <![CDATA[<a href='./screenshots/20170723/23_224633.png' target='_blank' title='switchFocus_CDwindow-a06b7e1e-44b5-4b3d-8f99-fcfa144830e1'><img src='./screenshots/20170723/23_224633.png' alt='switchFocus_CDwindow-a06b7e1e-44b5-4b3d-8f99-fcfa144830e1' height='108' width='192'/></a>]]>
    </line>
    <line>
      <![CDATA[<a href='./screenshots/20170723/23_224634.png' target='_blank' title='waitElem_By.cssSelector: #extended-nav'><img src='./screenshots/20170723/23_224634.png' alt='waitElem_By.cssSelector: #extended-nav' height='108' width='192'/></a>]]>
    </line>
    <line>
      <![CDATA[<a href='./screenshots/20170723/23_224634.png' target='_blank' title='closeTab_andBackTo_CDwindow-e14267e1-a85d-4003-9239-4fd2327c579e'><img src='./screenshots/20170723/23_224634.png' alt='closeTab_andBackTo_CDwindow-e14267e1-a85d-4003-9239-4fd2327c579e' height='108' width='192'/></a>]]>
    </line>
    <line>
      <![CDATA[<a href='./screenshots/20170723/23_224635.png' target='_blank' title='clickElem_By.cssSelector: div.social.facebook'><img src='./screenshots/20170723/23_224635.png' alt='clickElem_By.cssSelector: div.social.facebook' height='108' width='192'/></a>]]>
    </line>
    <line>
      <![CDATA[<a href='./screenshots/20170723/23_224636.png' target='_blank' title='switchFocus_CDwindow-e14267e1-a85d-4003-9239-4fd2327c579e'><img src='./screenshots/20170723/23_224636.png' alt='switchFocus_CDwindow-e14267e1-a85d-4003-9239-4fd2327c579e' height='108' width='192'/></a>]]>
    </line>
    <line>
      <![CDATA[<a href='./screenshots/20170723/23_224650.png' target='_blank' title='switchFocus_CDwindow-d3ef7fdb-e0ca-4cce-b94b-2bce6315c693'><img src='./screenshots/20170723/23_224650.png' alt='switchFocus_CDwindow-d3ef7fdb-e0ca-4cce-b94b-2bce6315c693' height='108' width='192'/></a>]]>
    </line>
    <line>
      <![CDATA[<a href='./screenshots/20170723/23_224650.png' target='_blank' title='waitElem_By.cssSelector: #pagelet_rhc_footer'><img src='./screenshots/20170723/23_224650.png' alt='waitElem_By.cssSelector: #pagelet_rhc_footer' height='108' width='192'/></a>]]>
    </line>
    <line>
      <![CDATA[<a href='./screenshots/20170723/23_224651.png' target='_blank' title='closeTab_andBackTo_CDwindow-e14267e1-a85d-4003-9239-4fd2327c579e'><img src='./screenshots/20170723/23_224651.png' alt='closeTab_andBackTo_CDwindow-e14267e1-a85d-4003-9239-4fd2327c579e' height='108' width='192'/></a>]]>
    </line>
    <line>
      <![CDATA[<a href='./screenshots/20170723/23_224652.png' target='_blank' title='clickElem_By.cssSelector: div.social.twitter'><img src='./screenshots/20170723/23_224652.png' alt='clickElem_By.cssSelector: div.social.twitter' height='108' width='192'/></a>]]>
    </line>
    <line>
      <![CDATA[<a href='./screenshots/20170723/23_224653.png' target='_blank' title='switchFocus_CDwindow-e14267e1-a85d-4003-9239-4fd2327c579e'><img src='./screenshots/20170723/23_224653.png' alt='switchFocus_CDwindow-e14267e1-a85d-4003-9239-4fd2327c579e' height='108' width='192'/></a>]]>
    </line>
    <line>
      <![CDATA[<a href='./screenshots/20170723/23_224658.png' target='_blank' title='switchFocus_CDwindow-234d2269-1c6c-46e3-9e4f-a6af9d1435a0'><img src='./screenshots/20170723/23_224658.png' alt='switchFocus_CDwindow-234d2269-1c6c-46e3-9e4f-a6af9d1435a0' height='108' width='192'/></a>]]>
    </line>
    <line>
      <![CDATA[<a href='./screenshots/20170723/23_224659.png' target='_blank' title='waitElem_By.cssSelector: .flex-module'><img src='./screenshots/20170723/23_224659.png' alt='waitElem_By.cssSelector: .flex-module' height='108' width='192'/></a>]]>
    </line>
    <line>
      <![CDATA[<a href='./screenshots/20170723/23_224700.png' target='_blank' title='closeTab_andBackTo_CDwindow-e14267e1-a85d-4003-9239-4fd2327c579e'><img src='./screenshots/20170723/23_224700.png' alt='closeTab_andBackTo_CDwindow-e14267e1-a85d-4003-9239-4fd2327c579e' height='108' width='192'/></a>]]>
    </line>
    <line>
      <![CDATA[<a href='./screenshots/20170723/23_224713.png' target='_blank' title='openPage_https://www.kreditech.com/'><img src='./screenshots/20170723/23_224713.png' alt='openPage_https://www.kreditech.com/' height='108' width='192'/></a>]]>
    </line>
    <line>
      <![CDATA[<a href='./screenshots/20170723/23_224714.png' target='_blank' title='waitElem_By.cssSelector: #footer'><img src='./screenshots/20170723/23_224714.png' alt='waitElem_By.cssSelector: #footer' height='108' width='192'/></a>]]>
    </line>
    <line>
      <![CDATA[<a href='./screenshots/20170723/23_224717.png' target='_blank' title='clickElem_By.cssSelector: #menu-main | By.xpath: //a[contains(text(),'What we do')]'><img src='./screenshots/20170723/23_224717.png' alt='clickElem_By.cssSelector: #menu-main | By.xpath: //a[contains(text(),'What we do')]' height='108' width='192'/></a>]]>
    </line>
    <line>
      <![CDATA[<a href='./screenshots/20170723/23_224718.png' target='_blank' title='waitElem_By.cssSelector: #footer'><img src='./screenshots/20170723/23_224718.png' alt='waitElem_By.cssSelector: #footer' height='108' width='192'/></a>]]>
    </line>
    <line>
      <![CDATA[<a href='./screenshots/20170723/23_224751.png' target='_blank' title='clickElem_By.cssSelector: #menu-main | By.xpath: //a[contains(text(),'Who we are')]'><img src='./screenshots/20170723/23_224751.png' alt='clickElem_By.cssSelector: #menu-main | By.xpath: //a[contains(text(),'Who we are')]' height='108' width='192'/></a>]]>
    </line>
    <line>
      <![CDATA[<a href='./screenshots/20170723/23_224752.png' target='_blank' title='waitElem_By.cssSelector: #footer'><img src='./screenshots/20170723/23_224752.png' alt='waitElem_By.cssSelector: #footer' height='108' width='192'/></a>]]>
    </line>
    <line>
      <![CDATA[<a href='./screenshots/20170723/23_224758.png' target='_blank' title='clickElem_By.cssSelector: #menu-main | By.xpath: //a[contains(text(),'Work with us')]'><img src='./screenshots/20170723/23_224758.png' alt='clickElem_By.cssSelector: #menu-main | By.xpath: //a[contains(text(),'Work with us')]' height='108' width='192'/></a>]]>
    </line>
    <line>
      <![CDATA[<a href='./screenshots/20170723/23_224759.png' target='_blank' title='waitElem_By.cssSelector: #footer'><img src='./screenshots/20170723/23_224759.png' alt='waitElem_By.cssSelector: #footer' height='108' width='192'/></a>]]>
    </line>
    <line>
      <![CDATA[<a href='./screenshots/20170723/23_224805.png' target='_blank' title='clickElem_By.cssSelector: #menu-main | By.xpath: //a[contains(text(),'Careers')]'><img src='./screenshots/20170723/23_224805.png' alt='clickElem_By.cssSelector: #menu-main | By.xpath: //a[contains(text(),'Careers')]' height='108' width='192'/></a>]]>
    </line>
    <line>
      <![CDATA[<a href='./screenshots/20170723/23_224805.png' target='_blank' title='waitElem_By.cssSelector: #footer'><img src='./screenshots/20170723/23_224805.png' alt='waitElem_By.cssSelector: #footer' height='108' width='192'/></a>]]>
    </line>
    <line>
      <![CDATA[<a href='./screenshots/20170723/23_224903.png' target='_blank' title='clickElem_By.cssSelector: #menu-main | By.xpath: //a[contains(text(),'Investor Relations')]'><img src='./screenshots/20170723/23_224903.png' alt='clickElem_By.cssSelector: #menu-main | By.xpath: //a[contains(text(),'Investor Relations')]' height='108' width='192'/></a>]]>
    </line>
    <line>
      <![CDATA[<a href='./screenshots/20170723/23_224903.png' target='_blank' title='waitElem_By.cssSelector: #footer'><img src='./screenshots/20170723/23_224903.png' alt='waitElem_By.cssSelector: #footer' height='108' width='192'/></a>]]>
    </line>
    <line>
      <![CDATA[<a href='./screenshots/20170723/23_224908.png' target='_blank' title='clickElem_By.cssSelector: #menu-main | By.xpath: //a[contains(text(),'Press')]'><img src='./screenshots/20170723/23_224908.png' alt='clickElem_By.cssSelector: #menu-main | By.xpath: //a[contains(text(),'Press')]' height='108' width='192'/></a>]]>
    </line>
    <line>
      <![CDATA[<a href='./screenshots/20170723/23_224908.png' target='_blank' title='waitElem_By.cssSelector: #footer'><img src='./screenshots/20170723/23_224908.png' alt='waitElem_By.cssSelector: #footer' height='108' width='192'/></a>]]>
    </line>
    <line>
      <![CDATA[<a href='./screenshots/20170723/23_224952.png' target='_blank' title='clickElem_By.cssSelector: #menu-main | By.xpath: //a[contains(text(),'Magazine')]'><img src='./screenshots/20170723/23_224952.png' alt='clickElem_By.cssSelector: #menu-main | By.xpath: //a[contains(text(),'Magazine')]' height='108' width='192'/></a>]]>
    </line>
    <line>
      <![CDATA[<a href='./screenshots/20170723/23_224953.png' target='_blank' title='waitElem_By.cssSelector: #footer'><img src='./screenshots/20170723/23_224953.png' alt='waitElem_By.cssSelector: #footer' height='108' width='192'/></a>]]>
    </line>
  </reporter-output>
  <suite name="Kreditech smoke test" duration-ms="263505" started-at="2017-07-23T19:45:31Z" finished-at="2017-07-23T19:49:55Z">
    <groups>
    </groups>
    <test name="Search Kreditech Test" duration-ms="24034" started-at="2017-07-23T19:45:31Z" finished-at="2017-07-23T19:45:55Z">
      <class name="com.kreditech.searchInGoogleTest.SearchKreditechTest">
        <test-method status="PASS" signature="classSetUp(org.testng.ITestContext)[pri:0, instance:com.kreditech.searchInGoogleTest.SearchKreditechTest@7c30a502]" name="classSetUp" is-config="true" duration-ms="119" started-at="2017-07-23T22:45:32Z" finished-at="2017-07-23T22:45:32Z">
          <params>
            <param index="0">
              <value>
                <![CDATA[org.testng.TestRunner@2fba3fc4]]>
              </value>
            </param>
          </params>
          <reporter-output>
          </reporter-output>
        </test-method> <!-- classSetUp -->
        <test-method status="PASS" signature="methodSetUp(java.lang.String)[pri:0, instance:com.kreditech.searchInGoogleTest.SearchKreditechTest@7c30a502]" name="methodSetUp" is-config="true" duration-ms="6791" started-at="2017-07-23T22:45:32Z" finished-at="2017-07-23T22:45:39Z">
          <params>
            <param index="0">
              <value>
                <![CDATA[chrome]]>
              </value>
            </param>
          </params>
          <reporter-output>
          </reporter-output>
        </test-method> <!-- methodSetUp -->
        <test-method status="PASS" signature="testCanSearchInGoogle()[pri:0, instance:com.kreditech.searchInGoogleTest.SearchKreditechTest@7c30a502]" name="testCanSearchInGoogle" duration-ms="15013" started-at="2017-07-23T22:45:39Z" finished-at="2017-07-23T22:45:54Z">
          <reporter-output>
            <line>
              <![CDATA[<a href='./screenshots/20170723/23_224542.png' target='_blank' title='openPage_https://www.google.com'><img src='./screenshots/20170723/23_224542.png' alt='openPage_https://www.google.com' height='108' width='192'/></a>]]>
            </line>
            <line>
              <![CDATA[<a href='./screenshots/20170723/23_224542.png' target='_blank' title='waitElem_By.xpath: //input[@name='btnK']'><img src='./screenshots/20170723/23_224542.png' alt='waitElem_By.xpath: //input[@name='btnK']' height='108' width='192'/></a>]]>
            </line>
            <line>
              <![CDATA[<a href='./screenshots/20170723/23_224543.png' target='_blank' title='typeText_kreditech_in_By.xpath: //input[@name='q']'><img src='./screenshots/20170723/23_224543.png' alt='typeText_kreditech_in_By.xpath: //input[@name='q']' height='108' width='192'/></a>]]>
            </line>
            <line>
              <![CDATA[<a href='./screenshots/20170723/23_224543.png' target='_blank' title='pressKey__in_By.xpath: //input[@name='q']'><img src='./screenshots/20170723/23_224543.png' alt='pressKey__in_By.xpath: //input[@name='q']' height='108' width='192'/></a>]]>
            </line>
            <line>
              <![CDATA[<a href='./screenshots/20170723/23_224545.png' target='_blank' title='waitElem_By.cssSelector: div.g'><img src='./screenshots/20170723/23_224545.png' alt='waitElem_By.cssSelector: div.g' height='108' width='192'/></a>]]>
            </line>
            <line>
              <![CDATA[<a href='./screenshots/20170723/23_224553.png' target='_blank' title='clickElem_By.cssSelector: div.g | By.cssSelector: a[href*='www.kreditech.com']'><img src='./screenshots/20170723/23_224553.png' alt='clickElem_By.cssSelector: div.g | By.cssSelector: a[href*='www.kreditech.com']' height='108' width='192'/></a>]]>
            </line>
            <line>
              <![CDATA[<a href='./screenshots/20170723/23_224554.png' target='_blank' title='waitElem_By.cssSelector: #footer'><img src='./screenshots/20170723/23_224554.png' alt='waitElem_By.cssSelector: #footer' height='108' width='192'/></a>]]>
            </line>
          </reporter-output>
        </test-method> <!-- testCanSearchInGoogle -->
        <test-method status="PASS" signature="methodTearDown()[pri:0, instance:com.kreditech.searchInGoogleTest.SearchKreditechTest@7c30a502]" name="methodTearDown" is-config="true" duration-ms="1775" started-at="2017-07-23T22:45:54Z" finished-at="2017-07-23T22:45:55Z">
          <reporter-output>
          </reporter-output>
        </test-method> <!-- methodTearDown -->
      </class> <!-- com.kreditech.searchInGoogleTest.SearchKreditechTest -->
    </test> <!-- Search Kreditech Test -->
    <test name="Social Links Visit Test" duration-ms="66040" started-at="2017-07-23T19:45:55Z" finished-at="2017-07-23T19:47:02Z">
      <class name="com.kreditech.socialLinksTest.SocialLinksVisitTest">
        <test-method status="PASS" signature="methodSetUp(java.lang.String)[pri:0, instance:com.kreditech.socialLinksTest.SocialLinksVisitTest@6fadae5d]" name="methodSetUp" is-config="true" duration-ms="3693" started-at="2017-07-23T22:45:55Z" finished-at="2017-07-23T22:45:59Z">
          <params>
            <param index="0">
              <value>
                <![CDATA[chrome]]>
              </value>
            </param>
          </params>
          <reporter-output>
          </reporter-output>
        </test-method> <!-- methodSetUp -->
        <test-method status="PASS" signature="classSetUp(org.testng.ITestContext)[pri:0, instance:com.kreditech.socialLinksTest.SocialLinksVisitTest@6fadae5d]" name="classSetUp" is-config="true" duration-ms="0" started-at="2017-07-23T22:45:55Z" finished-at="2017-07-23T22:45:55Z">
          <params>
            <param index="0">
              <value>
                <![CDATA[org.testng.TestRunner@1c39680d]]>
              </value>
            </param>
          </params>
          <reporter-output>
          </reporter-output>
        </test-method> <!-- classSetUp -->
        <test-method status="PASS" signature="testCanOpenSocialCompanyProfiles()[pri:0, instance:com.kreditech.socialLinksTest.SocialLinksVisitTest@6fadae5d]" name="testCanOpenSocialCompanyProfiles" duration-ms="60367" started-at="2017-07-23T22:45:59Z" finished-at="2017-07-23T22:47:00Z">
          <reporter-output>
            <line>
              <![CDATA[<a href='./screenshots/20170723/23_224604.png' target='_blank' title='openPage_https://www.linkedin.com/'><img src='./screenshots/20170723/23_224604.png' alt='openPage_https://www.linkedin.com/' height='108' width='192'/></a>]]>
            </line>
            <line>
              <![CDATA[<a href='./screenshots/20170723/23_224605.png' target='_blank' title='waitElem_By.cssSelector: #login-submit'><img src='./screenshots/20170723/23_224605.png' alt='waitElem_By.cssSelector: #login-submit' height='108' width='192'/></a>]]>
            </line>
            <line>
              <![CDATA[<a href='./screenshots/20170723/23_224606.png' target='_blank' title='typeText_raj.bigtheory@gmail.com_in_By.cssSelector: #login-email'><img src='./screenshots/20170723/23_224606.png' alt='typeText_raj.bigtheory@gmail.com_in_By.cssSelector: #login-email' height='108' width='192'/></a>]]>
            </line>
            <line>
              <![CDATA[<a href='./screenshots/20170723/23_224607.png' target='_blank' title='typeText_Dza94t2017_in_By.cssSelector: #login-password'><img src='./screenshots/20170723/23_224607.png' alt='typeText_Dza94t2017_in_By.cssSelector: #login-password' height='108' width='192'/></a>]]>
            </line>
            <line>
              <![CDATA[<a href='./screenshots/20170723/23_224615.png' target='_blank' title='clickElem_By.cssSelector: #login-submit'><img src='./screenshots/20170723/23_224615.png' alt='clickElem_By.cssSelector: #login-submit' height='108' width='192'/></a>]]>
            </line>
            <line>
              <![CDATA[<a href='./screenshots/20170723/23_224616.png' target='_blank' title='waitElem_By.cssSelector: #extended-nav'><img src='./screenshots/20170723/23_224616.png' alt='waitElem_By.cssSelector: #extended-nav' height='108' width='192'/></a>]]>
            </line>
            <line>
              <![CDATA[<a href='./screenshots/20170723/23_224624.png' target='_blank' title='openPage_https://www.kreditech.com/'><img src='./screenshots/20170723/23_224624.png' alt='openPage_https://www.kreditech.com/' height='108' width='192'/></a>]]>
            </line>
            <line>
              <![CDATA[<a href='./screenshots/20170723/23_224625.png' target='_blank' title='waitElem_By.cssSelector: #footer'><img src='./screenshots/20170723/23_224625.png' alt='waitElem_By.cssSelector: #footer' height='108' width='192'/></a>]]>
            </line>
            <line>
              <![CDATA[<a href='./screenshots/20170723/23_224626.png' target='_blank' title='clickElem_By.cssSelector: div.social.linkedin'><img src='./screenshots/20170723/23_224626.png' alt='clickElem_By.cssSelector: div.social.linkedin' height='108' width='192'/></a>]]>
            </line>
            <line>
              <![CDATA[<a href='./screenshots/20170723/23_224627.png' target='_blank' title='switchFocus_CDwindow-e14267e1-a85d-4003-9239-4fd2327c579e'><img src='./screenshots/20170723/23_224627.png' alt='switchFocus_CDwindow-e14267e1-a85d-4003-9239-4fd2327c579e' height='108' width='192'/></a>]]>
            </line>
            <line>
              <![CDATA[<a href='./screenshots/20170723/23_224633.png' target='_blank' title='switchFocus_CDwindow-a06b7e1e-44b5-4b3d-8f99-fcfa144830e1'><img src='./screenshots/20170723/23_224633.png' alt='switchFocus_CDwindow-a06b7e1e-44b5-4b3d-8f99-fcfa144830e1' height='108' width='192'/></a>]]>
            </line>
            <line>
              <![CDATA[<a href='./screenshots/20170723/23_224634.png' target='_blank' title='waitElem_By.cssSelector: #extended-nav'><img src='./screenshots/20170723/23_224634.png' alt='waitElem_By.cssSelector: #extended-nav' height='108' width='192'/></a>]]>
            </line>
            <line>
              <![CDATA[<a href='./screenshots/20170723/23_224634.png' target='_blank' title='closeTab_andBackTo_CDwindow-e14267e1-a85d-4003-9239-4fd2327c579e'><img src='./screenshots/20170723/23_224634.png' alt='closeTab_andBackTo_CDwindow-e14267e1-a85d-4003-9239-4fd2327c579e' height='108' width='192'/></a>]]>
            </line>
            <line>
              <![CDATA[<a href='./screenshots/20170723/23_224635.png' target='_blank' title='clickElem_By.cssSelector: div.social.facebook'><img src='./screenshots/20170723/23_224635.png' alt='clickElem_By.cssSelector: div.social.facebook' height='108' width='192'/></a>]]>
            </line>
            <line>
              <![CDATA[<a href='./screenshots/20170723/23_224636.png' target='_blank' title='switchFocus_CDwindow-e14267e1-a85d-4003-9239-4fd2327c579e'><img src='./screenshots/20170723/23_224636.png' alt='switchFocus_CDwindow-e14267e1-a85d-4003-9239-4fd2327c579e' height='108' width='192'/></a>]]>
            </line>
            <line>
              <![CDATA[<a href='./screenshots/20170723/23_224650.png' target='_blank' title='switchFocus_CDwindow-d3ef7fdb-e0ca-4cce-b94b-2bce6315c693'><img src='./screenshots/20170723/23_224650.png' alt='switchFocus_CDwindow-d3ef7fdb-e0ca-4cce-b94b-2bce6315c693' height='108' width='192'/></a>]]>
            </line>
            <line>
              <![CDATA[<a href='./screenshots/20170723/23_224650.png' target='_blank' title='waitElem_By.cssSelector: #pagelet_rhc_footer'><img src='./screenshots/20170723/23_224650.png' alt='waitElem_By.cssSelector: #pagelet_rhc_footer' height='108' width='192'/></a>]]>
            </line>
            <line>
              <![CDATA[<a href='./screenshots/20170723/23_224651.png' target='_blank' title='closeTab_andBackTo_CDwindow-e14267e1-a85d-4003-9239-4fd2327c579e'><img src='./screenshots/20170723/23_224651.png' alt='closeTab_andBackTo_CDwindow-e14267e1-a85d-4003-9239-4fd2327c579e' height='108' width='192'/></a>]]>
            </line>
            <line>
              <![CDATA[<a href='./screenshots/20170723/23_224652.png' target='_blank' title='clickElem_By.cssSelector: div.social.twitter'><img src='./screenshots/20170723/23_224652.png' alt='clickElem_By.cssSelector: div.social.twitter' height='108' width='192'/></a>]]>
            </line>
            <line>
              <![CDATA[<a href='./screenshots/20170723/23_224653.png' target='_blank' title='switchFocus_CDwindow-e14267e1-a85d-4003-9239-4fd2327c579e'><img src='./screenshots/20170723/23_224653.png' alt='switchFocus_CDwindow-e14267e1-a85d-4003-9239-4fd2327c579e' height='108' width='192'/></a>]]>
            </line>
            <line>
              <![CDATA[<a href='./screenshots/20170723/23_224658.png' target='_blank' title='switchFocus_CDwindow-234d2269-1c6c-46e3-9e4f-a6af9d1435a0'><img src='./screenshots/20170723/23_224658.png' alt='switchFocus_CDwindow-234d2269-1c6c-46e3-9e4f-a6af9d1435a0' height='108' width='192'/></a>]]>
            </line>
            <line>
              <![CDATA[<a href='./screenshots/20170723/23_224659.png' target='_blank' title='waitElem_By.cssSelector: .flex-module'><img src='./screenshots/20170723/23_224659.png' alt='waitElem_By.cssSelector: .flex-module' height='108' width='192'/></a>]]>
            </line>
            <line>
              <![CDATA[<a href='./screenshots/20170723/23_224700.png' target='_blank' title='closeTab_andBackTo_CDwindow-e14267e1-a85d-4003-9239-4fd2327c579e'><img src='./screenshots/20170723/23_224700.png' alt='closeTab_andBackTo_CDwindow-e14267e1-a85d-4003-9239-4fd2327c579e' height='108' width='192'/></a>]]>
            </line>
          </reporter-output>
        </test-method> <!-- testCanOpenSocialCompanyProfiles -->
        <test-method status="PASS" signature="methodTearDown()[pri:0, instance:com.kreditech.socialLinksTest.SocialLinksVisitTest@6fadae5d]" name="methodTearDown" is-config="true" duration-ms="1980" started-at="2017-07-23T22:47:00Z" finished-at="2017-07-23T22:47:02Z">
          <reporter-output>
          </reporter-output>
        </test-method> <!-- methodTearDown -->
      </class> <!-- com.kreditech.socialLinksTest.SocialLinksVisitTest -->
    </test> <!-- Social Links Visit Test -->
    <test name="Navigation Bar Test" duration-ms="173398" started-at="2017-07-23T19:47:02Z" finished-at="2017-07-23T19:49:55Z">
      <class name="com.kreditech.navigationBarItemsTest.NavigationBarTest">
        <test-method status="PASS" signature="methodSetUp(java.lang.String)[pri:0, instance:com.kreditech.navigationBarItemsTest.NavigationBarTest@3796751b]" name="methodSetUp" is-config="true" duration-ms="3682" started-at="2017-07-23T22:47:02Z" finished-at="2017-07-23T22:47:05Z">
          <params>
            <param index="0">
              <value>
                <![CDATA[chrome]]>
              </value>
            </param>
          </params>
          <reporter-output>
          </reporter-output>
        </test-method> <!-- methodSetUp -->
        <test-method status="PASS" signature="classSetUp(org.testng.ITestContext)[pri:0, instance:com.kreditech.navigationBarItemsTest.NavigationBarTest@3796751b]" name="classSetUp" is-config="true" duration-ms="0" started-at="2017-07-23T22:47:02Z" finished-at="2017-07-23T22:47:02Z">
          <params>
            <param index="0">
              <value>
                <![CDATA[org.testng.TestRunner@62833051]]>
              </value>
            </param>
          </params>
          <reporter-output>
          </reporter-output>
        </test-method> <!-- classSetUp -->
        <test-method status="PASS" signature="canOpenPagesFromNavBar()[pri:0, instance:com.kreditech.navigationBarItemsTest.NavigationBarTest@3796751b]" name="canOpenPagesFromNavBar" duration-ms="167963" started-at="2017-07-23T22:47:05Z" finished-at="2017-07-23T22:49:53Z">
          <reporter-output>
            <line>
              <![CDATA[<a href='./screenshots/20170723/23_224713.png' target='_blank' title='openPage_https://www.kreditech.com/'><img src='./screenshots/20170723/23_224713.png' alt='openPage_https://www.kreditech.com/' height='108' width='192'/></a>]]>
            </line>
            <line>
              <![CDATA[<a href='./screenshots/20170723/23_224714.png' target='_blank' title='waitElem_By.cssSelector: #footer'><img src='./screenshots/20170723/23_224714.png' alt='waitElem_By.cssSelector: #footer' height='108' width='192'/></a>]]>
            </line>
            <line>
              <![CDATA[<a href='./screenshots/20170723/23_224717.png' target='_blank' title='clickElem_By.cssSelector: #menu-main | By.xpath: //a[contains(text(),'What we do')]'><img src='./screenshots/20170723/23_224717.png' alt='clickElem_By.cssSelector: #menu-main | By.xpath: //a[contains(text(),'What we do')]' height='108' width='192'/></a>]]>
            </line>
            <line>
              <![CDATA[<a href='./screenshots/20170723/23_224718.png' target='_blank' title='waitElem_By.cssSelector: #footer'><img src='./screenshots/20170723/23_224718.png' alt='waitElem_By.cssSelector: #footer' height='108' width='192'/></a>]]>
            </line>
            <line>
              <![CDATA[<a href='./screenshots/20170723/23_224751.png' target='_blank' title='clickElem_By.cssSelector: #menu-main | By.xpath: //a[contains(text(),'Who we are')]'><img src='./screenshots/20170723/23_224751.png' alt='clickElem_By.cssSelector: #menu-main | By.xpath: //a[contains(text(),'Who we are')]' height='108' width='192'/></a>]]>
            </line>
            <line>
              <![CDATA[<a href='./screenshots/20170723/23_224752.png' target='_blank' title='waitElem_By.cssSelector: #footer'><img src='./screenshots/20170723/23_224752.png' alt='waitElem_By.cssSelector: #footer' height='108' width='192'/></a>]]>
            </line>
            <line>
              <![CDATA[<a href='./screenshots/20170723/23_224758.png' target='_blank' title='clickElem_By.cssSelector: #menu-main | By.xpath: //a[contains(text(),'Work with us')]'><img src='./screenshots/20170723/23_224758.png' alt='clickElem_By.cssSelector: #menu-main | By.xpath: //a[contains(text(),'Work with us')]' height='108' width='192'/></a>]]>
            </line>
            <line>
              <![CDATA[<a href='./screenshots/20170723/23_224759.png' target='_blank' title='waitElem_By.cssSelector: #footer'><img src='./screenshots/20170723/23_224759.png' alt='waitElem_By.cssSelector: #footer' height='108' width='192'/></a>]]>
            </line>
            <line>
              <![CDATA[<a href='./screenshots/20170723/23_224805.png' target='_blank' title='clickElem_By.cssSelector: #menu-main | By.xpath: //a[contains(text(),'Careers')]'><img src='./screenshots/20170723/23_224805.png' alt='clickElem_By.cssSelector: #menu-main | By.xpath: //a[contains(text(),'Careers')]' height='108' width='192'/></a>]]>
            </line>
            <line>
              <![CDATA[<a href='./screenshots/20170723/23_224805.png' target='_blank' title='waitElem_By.cssSelector: #footer'><img src='./screenshots/20170723/23_224805.png' alt='waitElem_By.cssSelector: #footer' height='108' width='192'/></a>]]>
            </line>
            <line>
              <![CDATA[<a href='./screenshots/20170723/23_224903.png' target='_blank' title='clickElem_By.cssSelector: #menu-main | By.xpath: //a[contains(text(),'Investor Relations')]'><img src='./screenshots/20170723/23_224903.png' alt='clickElem_By.cssSelector: #menu-main | By.xpath: //a[contains(text(),'Investor Relations')]' height='108' width='192'/></a>]]>
            </line>
            <line>
              <![CDATA[<a href='./screenshots/20170723/23_224903.png' target='_blank' title='waitElem_By.cssSelector: #footer'><img src='./screenshots/20170723/23_224903.png' alt='waitElem_By.cssSelector: #footer' height='108' width='192'/></a>]]>
            </line>
            <line>
              <![CDATA[<a href='./screenshots/20170723/23_224908.png' target='_blank' title='clickElem_By.cssSelector: #menu-main | By.xpath: //a[contains(text(),'Press')]'><img src='./screenshots/20170723/23_224908.png' alt='clickElem_By.cssSelector: #menu-main | By.xpath: //a[contains(text(),'Press')]' height='108' width='192'/></a>]]>
            </line>
            <line>
              <![CDATA[<a href='./screenshots/20170723/23_224908.png' target='_blank' title='waitElem_By.cssSelector: #footer'><img src='./screenshots/20170723/23_224908.png' alt='waitElem_By.cssSelector: #footer' height='108' width='192'/></a>]]>
            </line>
            <line>
              <![CDATA[<a href='./screenshots/20170723/23_224952.png' target='_blank' title='clickElem_By.cssSelector: #menu-main | By.xpath: //a[contains(text(),'Magazine')]'><img src='./screenshots/20170723/23_224952.png' alt='clickElem_By.cssSelector: #menu-main | By.xpath: //a[contains(text(),'Magazine')]' height='108' width='192'/></a>]]>
            </line>
            <line>
              <![CDATA[<a href='./screenshots/20170723/23_224953.png' target='_blank' title='waitElem_By.cssSelector: #footer'><img src='./screenshots/20170723/23_224953.png' alt='waitElem_By.cssSelector: #footer' height='108' width='192'/></a>]]>
            </line>
          </reporter-output>
        </test-method> <!-- canOpenPagesFromNavBar -->
        <test-method status="PASS" signature="methodTearDown()[pri:0, instance:com.kreditech.navigationBarItemsTest.NavigationBarTest@3796751b]" name="methodTearDown" is-config="true" duration-ms="1753" started-at="2017-07-23T22:49:53Z" finished-at="2017-07-23T22:49:55Z">
          <reporter-output>
          </reporter-output>
        </test-method> <!-- methodTearDown -->
      </class> <!-- com.kreditech.navigationBarItemsTest.NavigationBarTest -->
    </test> <!-- Navigation Bar Test -->
  </suite> <!-- Kreditech smoke test -->
</testng-results>
